<?xml version="1.0" encoding="UTF-8"?>
<testng-results ignored="0" total="1" passed="1" failed="0" skipped="0">
  <reporter-output>
  </reporter-output>
  <suite started-at="2022-11-09T14:32:54 IST" name="Default suite" finished-at="2022-11-09T14:33:12 IST" duration-ms="17608">
    <groups>
    </groups>
    <test started-at="2022-11-09T14:32:54 IST" name="Default test" finished-at="2022-11-09T14:33:12 IST" duration-ms="17608">
      <class name="test.Assertion">
        <test-method is-config="true" signature="lanchBrowser()[pri:0, instance:test.Assertion@1afd44cb]" started-at="2022-11-09T14:32:51 IST" name="lanchBrowser" finished-at="2022-11-09T14:32:54 IST" duration-ms="3420" status="PASS">
          <reporter-output>
          </reporter-output>
        </test-method> <!-- lanchBrowser -->
        <test-method signature="verifyText()[pri:0, instance:test.Assertion@1afd44cb]" started-at="2022-11-09T14:32:54 IST" name="verifyText" finished-at="2022-11-09T14:33:12 IST" duration-ms="17582" status="PASS">
          <reporter-output>
          </reporter-output>
        </test-method> <!-- verifyText -->
        <test-method is-config="true" signature="quit()[pri:0, instance:test.Assertion@1afd44cb]" started-at="2022-11-09T14:33:12 IST" name="quit" finished-at="2022-11-09T14:33:12 IST" duration-ms="634" status="PASS">
          <reporter-output>
          </reporter-output>
        </test-method> <!-- quit -->
      </class> <!-- test.Assertion -->
    </test> <!-- Default test -->
  </suite> <!-- Default suite -->
</testng-results>
